#
# There is insufficient memory for the Java Runtime Environment to continue.
# Native memory allocation (malloc) failed to allocate 1048576 bytes. Error detail: AllocateHeap
# Possible reasons:
#   The system is out of physical RAM or swap space
#   This process is running with CompressedOops enabled, and the Java Heap may be blocking the growth of the native heap
# Possible solutions:
#   Reduce memory load on the system
#   Increase physical memory or swap space
#   Check if swap backing store is full
#   Decrease Java heap size (-Xmx/-Xms)
#   Decrease number of Java threads
#   Decrease Java thread stack sizes (-Xss)
#   Set larger code cache with -XX:ReservedCodeCacheSize=
#   JVM is running with Unscaled Compressed Oops mode in which the Java heap is
#     placed in the first 4GB address space. The Java Heap base address is the
#     maximum limit for the native heap growth. Please use -XX:HeapBaseMinAddress
#     to set the Java Heap base and to place the Java Heap above 4GB virtual address.
# This output file may be truncated or incomplete.
#
#  Out of Memory Error (allocation.cpp:44), pid=10904, tid=908
#
# JRE version:  (21.0.7+6) (build )
# Java VM: OpenJDK 64-Bit Server VM (21.0.7+6-LTS, mixed mode, tiered, compressed oops, compressed class ptrs, parallel gc, windows-amd64)
# No core dump will be written. Minidumps are not enabled by default on client versions of Windows
#

---------------  S U M M A R Y ------------

Command Line: --add-modules=ALL-SYSTEM --add-opens=java.base/java.util=ALL-UNNAMED --add-opens=java.base/java.lang=ALL-UNNAMED --add-opens=java.base/sun.nio.fs=ALL-UNNAMED -Declipse.application=org.eclipse.jdt.ls.core.id1 -Dosgi.bundles.defaultStartLevel=4 -Declipse.product=org.eclipse.jdt.ls.core.product -Djava.import.generatesMetadataFilesAtProjectRoot=false -DDetectVMInstallationsJob.disabled=true -Dfile.encoding=utf8 -XX:+UseParallelGC -XX:GCTimeRatio=4 -XX:AdaptiveSizePolicyWeight=90 -Dsun.zip.disableMemoryMapping=true -Xmx1G -Xms100m -Xlog:disable -javaagent:c:\Users\yajul\.vscode\extensions\redhat.java-1.42.0-win32-x64\lombok\lombok-1.18.36.jar c:\Users\yajul\.vscode\extensions\redhat.java-1.42.0-win32-x64\server\plugins\org.eclipse.equinox.launcher_1.7.0.v20250424-1814.jar -configuration c:\Users\yajul\AppData\Roaming\Code\User\globalStorage\redhat.java\1.42.0\config_ss_win -data c:\Users\yajul\AppData\Roaming\Code\User\workspaceStorage\12e6d4d5e19a3b41a6c1ef4ef70a3cbe\redhat.java\ss_ws --pipe=\\.\pipe\lsp-4bdeabe38e5a4e3e33a22002b8a87d36-sock

Host: AMD Ryzen 5 5500U with Radeon Graphics         , 12 cores, 15G,  Windows 11 , 64 bit Build 22621 (10.0.22621.5262)
Time: Tue May 20 12:18:17 2025 RTZ 2 (s 11 , 64 bit Build 22621 (10.0.22621.5262) elapsed time: 0.053432 seconds (0d 0h 0m 0s)

---------------  T H R E A D  ---------------

Current thread (0x000002189b97cdc0):  JavaThread "Unknown thread" [_thread_in_vm, id=908, stack(0x0000007514e00000,0x0000007514f00000) (1024K)]

Stack: [0x0000007514e00000,0x0000007514f00000]
Native frames: (J=compiled Java code, j=interpreted, Vv=VM code, C=native code)
V  [jvm.dll+0x6ce119]
V  [jvm.dll+0x8a84a1]
V  [jvm.dll+0x8aa9ce]
V  [jvm.dll+0x8ab0b3]
V  [jvm.dll+0x27f8a6]
V  [jvm.dll+0xbfba7]
V  [jvm.dll+0x702260]
V  [jvm.dll+0x702dcc]
V  [jvm.dll+0x6dcc63]
V  [jvm.dll+0x871dbc]
V  [jvm.dll+0x3bc47c]
V  [jvm.dll+0x85a848]
V  [jvm.dll+0x45080e]
V  [jvm.dll+0x452451]
C  [jli.dll+0x5278]
C  [ucrtbase.dll+0x29333]
C  [KERNEL32.DLL+0x1259d]
C  [ntdll.dll+0x5af58]


---------------  P R O C E S S  ---------------

Threads class SMR info:
_java_thread_list=0x000002189b9e92d0, length=1, elements={
0x000002189b97cdc0
}

Java Threads: ( => current thread )
=>0x000002189b97cdc0 JavaThread "Unknown thread"             [_thread_in_vm, id=908, stack(0x0000007514e00000,0x0000007514f00000) (1024K)]
Total: 1

Other Threads:
  0x000002189b9e9c00 WatcherThread "VM Periodic Task Thread"        [id=1492, stack(0x0000007515000000,0x0000007515100000) (1024K)]
  0x0000021899630810 WorkerThread "GC Thread#0"                     [id=14020, stack(0x0000007514f00000,0x0000007515000000) (1024K)]
Total: 2

Threads with active compile tasks:
Total: 0

VM state: not at safepoint (normal execution)

VM Mutex/Monitor currently owned by a thread: None

Heap address: 0x00000000c0000000, size: 1024 MB, Compressed Oops mode: 32-bit

CDS archive(s) not mapped
Compressed class space mapped at: 0x0000000100000000-0x0000000140000000, reserved size: 1073741824
Narrow klass base: 0x0000000000000000, Narrow klass shift: 3, Narrow klass range: 0x140000000

GC Precious Log:
 CardTable entry size: 512
 CPUs: 12 total, 12 available
 Memory: 15706M
 Large Page Support: Disabled
 NUMA Support: Disabled
 Compressed Oops: Enabled (32-bit)
 Alignments: Space 512K, Generation 512K, Heap 2M
 Heap Min Capacity: 100M
 Heap Initial Capacity: 100M
 Heap Max Capacity: 1G
 Pre-touch: Disabled
 Parallel Workers: 10

Heap:
 PSYoungGen      total 29696K, used 512K [0x00000000eab00000, 0x00000000ecc00000, 0x0000000100000000)
  eden space 25600K, 2% used [0x00000000eab00000,0x00000000eab80070,0x00000000ec400000)
  from space 4096K, 0% used [0x00000000ec800000,0x00000000ec800000,0x00000000ecc00000)
  to   space 4096K, 0% used [0x00000000ec400000,0x00000000ec400000,0x00000000ec800000)
 ParOldGen       total 68608K, used 0K [0x00000000c0000000, 0x00000000c4300000, 0x00000000eab00000)
  object space 68608K, 0% used [0x00000000c0000000,0x00000000c0000000,0x00000000c4300000)
 Metaspace       used 1392K, committed 1472K, reserved 1114112K
  class space    used 109K, committed 128K, reserved 1048576K

Card table byte_map: [0x000002189b350000,0x000002189b560000] _byte_map_base: 0x000002189ad50000

Marking Bits: (ParMarkBitMap*) 0x00007ff8339b31f0
 Begin Bits: [0x00000218adb70000, 0x00000218aeb70000)
 End Bits:   [0x00000218aeb70000, 0x00000218afb70000)

Polling page: 0x000002189b140000

Metaspace:

Usage:
  Non-class:      1.25 MB used.
      Class:    109.62 KB used.
       Both:      1.36 MB used.

Virtual space:
  Non-class space:       64.00 MB reserved,       1.31 MB (  2%) committed,  1 nodes.
      Class space:        1.00 GB reserved,     128.00 KB ( <1%) committed,  1 nodes.
             Both:        1.06 GB reserved,       1.44 MB ( <1%) committed. 

Chunk freelists:
   Non-Class:  12.00 MB
       Class:  15.75 MB
        Both:  27.75 MB

MaxMetaspaceSize: unlimited
CompressedClassSpaceSize: 1.00 GB
Initial GC threshold: 21.00 MB
Current GC threshold: 17179869184.00 GB
CDS: off
 - commit_granule_bytes: 65536.
 - commit_granule_words: 8192.
 - virtual_space_node_default_size: 8388608.
 - enlarge_chunks_in_place: 1.
 - use_allocation_guard: 0.


Internal statistics:

num_allocs_failed_limit: 0.
num_arena_births: 2.
num_arena_deaths: 0.
num_vsnodes_births: 2.
num_vsnodes_deaths: 0.
num_space_committed: 23.
num_space_uncommitted: 0.
num_chunks_returned_to_freelist: 0.
num_chunks_taken_from_freelist: 3.
num_chunk_merges: 0.
num_chunk_splits: 2.
num_chunks_enlarged: 0.
num_inconsistent_stats: 0.

CodeHeap 'non-profiled nmethods': size=120000Kb used=0Kb max_used=0Kb free=120000Kb
 bounds [0x00000218a6640000, 0x00000218a68b0000, 0x00000218adb70000]
CodeHeap 'profiled nmethods': size=120000Kb used=0Kb max_used=0Kb free=120000Kb
 bounds [0x000002189eb70000, 0x000002189ede0000, 0x00000218a60a0000]
CodeHeap 'non-nmethods': size=5760Kb used=194Kb max_used=342Kb free=5565Kb
 bounds [0x00000218a60a0000, 0x00000218a6310000, 0x00000218a6640000]
 total_blobs=70 nmethods=0 adapters=48
 compilation: enabled
              stopped_count=0, restarted_count=0
 full_count=0

Compilation events (0 events):
No events

GC Heap History (0 events):
No events

Dll operation events (2 events):
Event: 0.009 Loaded shared library c:\Users\yajul\.vscode\extensions\redhat.java-1.42.0-win32-x64\jre\21.0.7-win32-x86_64\bin\java.dll
Event: 0.017 Loaded shared library c:\Users\yajul\.vscode\extensions\redhat.java-1.42.0-win32-x64\jre\21.0.7-win32-x86_64\bin\zip.dll

Deoptimization events (0 events):
No events

Classes loaded (20 events):
Event: 0.048 Loading class java/util/Iterator
Event: 0.048 Loading class java/util/Iterator done
Event: 0.048 Loading class java/lang/reflect/RecordComponent
Event: 0.048 Loading class java/lang/reflect/RecordComponent done
Event: 0.048 Loading class jdk/internal/vm/vector/VectorSupport
Event: 0.048 Loading class jdk/internal/vm/vector/VectorSupport done
Event: 0.048 Loading class jdk/internal/vm/vector/VectorSupport$VectorPayload
Event: 0.049 Loading class jdk/internal/vm/vector/VectorSupport$VectorPayload done
Event: 0.049 Loading class jdk/internal/vm/vector/VectorSupport$Vector
Event: 0.049 Loading class jdk/internal/vm/vector/VectorSupport$Vector done
Event: 0.049 Loading class jdk/internal/vm/vector/VectorSupport$VectorMask
Event: 0.049 Loading class jdk/internal/vm/vector/VectorSupport$VectorMask done
Event: 0.049 Loading class jdk/internal/vm/vector/VectorSupport$VectorShuffle
Event: 0.049 Loading class jdk/internal/vm/vector/VectorSupport$VectorShuffle done
Event: 0.049 Loading class jdk/internal/vm/FillerObject
Event: 0.049 Loading class jdk/internal/vm/FillerObject done
Event: 0.051 Loading class java/lang/NullPointerException
Event: 0.051 Loading class java/lang/NullPointerException done
Event: 0.051 Loading class java/lang/ArithmeticException
Event: 0.051 Loading class java/lang/ArithmeticException done

Classes unloaded (0 events):
No events

Classes redefined (0 events):
No events

Internal exceptions (0 events):
No events

ZGC Phase Switch (0 events):
No events

VM Operations (0 events):
No events

Memory protections (0 events):
No events

Nmethod flushes (0 events):
No events

Events (1 events):
Event: 0.015 Thread 0x000002189b97cdc0 Thread added: 0x000002189b97cdc0


Dynamic libraries:
0x00007ff623990000 - 0x00007ff62399e000 	c:\Users\yajul\.vscode\extensions\redhat.java-1.42.0-win32-x64\jre\21.0.7-win32-x86_64\bin\java.exe
0x00007ff88f0f0000 - 0x00007ff88f307000 	C:\WINDOWS\SYSTEM32\ntdll.dll
0x00007ff88def0000 - 0x00007ff88dfb4000 	C:\WINDOWS\System32\KERNEL32.DLL
0x00007ff88c1e0000 - 0x00007ff88c5b3000 	C:\WINDOWS\System32\KERNELBASE.dll
0x00007ff88c910000 - 0x00007ff88ca21000 	C:\WINDOWS\System32\ucrtbase.dll
0x00007ff888500000 - 0x00007ff888518000 	c:\Users\yajul\.vscode\extensions\redhat.java-1.42.0-win32-x64\jre\21.0.7-win32-x86_64\bin\jli.dll
0x00007ff883a40000 - 0x00007ff883a5e000 	c:\Users\yajul\.vscode\extensions\redhat.java-1.42.0-win32-x64\jre\21.0.7-win32-x86_64\bin\VCRUNTIME140.dll
0x00007ff88e3c0000 - 0x00007ff88e571000 	C:\WINDOWS\System32\USER32.dll
0x00007ff8743e0000 - 0x00007ff87467b000 	C:\WINDOWS\WinSxS\amd64_microsoft.windows.common-controls_6595b64144ccf1df_6.0.22621.5262_none_2712bde373830908\COMCTL32.dll
0x00007ff88ccd0000 - 0x00007ff88ccf6000 	C:\WINDOWS\System32\win32u.dll
0x00007ff88d290000 - 0x00007ff88d337000 	C:\WINDOWS\System32\msvcrt.dll
0x00007ff88cd80000 - 0x00007ff88cda9000 	C:\WINDOWS\System32\GDI32.dll
0x00007ff88ca30000 - 0x00007ff88cb52000 	C:\WINDOWS\System32\gdi32full.dll
0x00007ff88c5c0000 - 0x00007ff88c65a000 	C:\WINDOWS\System32\msvcp_win.dll
0x00007ff88d690000 - 0x00007ff88d6c1000 	C:\WINDOWS\System32\IMM32.DLL
0x00007ff888380000 - 0x00007ff88838c000 	c:\Users\yajul\.vscode\extensions\redhat.java-1.42.0-win32-x64\jre\21.0.7-win32-x86_64\bin\vcruntime140_1.dll
0x00007ff8792a0000 - 0x00007ff87932d000 	c:\Users\yajul\.vscode\extensions\redhat.java-1.42.0-win32-x64\jre\21.0.7-win32-x86_64\bin\msvcp140.dll
0x00007ff832d00000 - 0x00007ff833a90000 	c:\Users\yajul\.vscode\extensions\redhat.java-1.42.0-win32-x64\jre\21.0.7-win32-x86_64\bin\server\jvm.dll
0x00007ff88efe0000 - 0x00007ff88f091000 	C:\WINDOWS\System32\ADVAPI32.dll
0x00007ff88dfc0000 - 0x00007ff88e067000 	C:\WINDOWS\System32\sechost.dll
0x00007ff88c7a0000 - 0x00007ff88c7c8000 	C:\WINDOWS\System32\bcrypt.dll
0x00007ff88d6d0000 - 0x00007ff88d7e4000 	C:\WINDOWS\System32\RPCRT4.dll
0x00007ff88dd70000 - 0x00007ff88dde1000 	C:\WINDOWS\System32\WS2_32.dll
0x00007ff88c000000 - 0x00007ff88c04d000 	C:\WINDOWS\SYSTEM32\POWRPROF.dll
0x00007ff887550000 - 0x00007ff887584000 	C:\WINDOWS\SYSTEM32\WINMM.dll
0x00007ff8821a0000 - 0x00007ff8821aa000 	C:\WINDOWS\SYSTEM32\VERSION.dll
0x00007ff88bfe0000 - 0x00007ff88bff3000 	C:\WINDOWS\SYSTEM32\UMPDC.dll
0x00007ff88b1f0000 - 0x00007ff88b208000 	C:\WINDOWS\SYSTEM32\kernel.appcore.dll
0x00007ff888360000 - 0x00007ff88836a000 	c:\Users\yajul\.vscode\extensions\redhat.java-1.42.0-win32-x64\jre\21.0.7-win32-x86_64\bin\jimage.dll
0x00007ff8896e0000 - 0x00007ff889912000 	C:\WINDOWS\SYSTEM32\DBGHELP.DLL
0x00007ff88cdd0000 - 0x00007ff88d163000 	C:\WINDOWS\System32\combase.dll
0x00007ff88e2e0000 - 0x00007ff88e3b7000 	C:\WINDOWS\System32\OLEAUT32.dll
0x00007ff883720000 - 0x00007ff883752000 	C:\WINDOWS\SYSTEM32\dbgcore.DLL
0x00007ff88c660000 - 0x00007ff88c6db000 	C:\WINDOWS\System32\bcryptPrimitives.dll
0x00007ff887fa0000 - 0x00007ff887faf000 	c:\Users\yajul\.vscode\extensions\redhat.java-1.42.0-win32-x64\jre\21.0.7-win32-x86_64\bin\instrument.dll
0x00007ff881ef0000 - 0x00007ff881f0f000 	c:\Users\yajul\.vscode\extensions\redhat.java-1.42.0-win32-x64\jre\21.0.7-win32-x86_64\bin\java.dll
0x00007ff881d20000 - 0x00007ff881d38000 	c:\Users\yajul\.vscode\extensions\redhat.java-1.42.0-win32-x64\jre\21.0.7-win32-x86_64\bin\zip.dll

dbghelp: loaded successfully - version: 4.0.5 - missing functions: none
symbol engine: initialized successfully - sym options: 0x614 - pdb path: .;c:\Users\yajul\.vscode\extensions\redhat.java-1.42.0-win32-x64\jre\21.0.7-win32-x86_64\bin;C:\WINDOWS\SYSTEM32;C:\WINDOWS\WinSxS\amd64_microsoft.windows.common-controls_6595b64144ccf1df_6.0.22621.5262_none_2712bde373830908;c:\Users\yajul\.vscode\extensions\redhat.java-1.42.0-win32-x64\jre\21.0.7-win32-x86_64\bin\server

VM Arguments:
jvm_args: --add-modules=ALL-SYSTEM --add-opens=java.base/java.util=ALL-UNNAMED --add-opens=java.base/java.lang=ALL-UNNAMED --add-opens=java.base/sun.nio.fs=ALL-UNNAMED -Declipse.application=org.eclipse.jdt.ls.core.id1 -Dosgi.bundles.defaultStartLevel=4 -Declipse.product=org.eclipse.jdt.ls.core.product -Djava.import.generatesMetadataFilesAtProjectRoot=false -DDetectVMInstallationsJob.disabled=true -Dfile.encoding=utf8 -XX:+UseParallelGC -XX:GCTimeRatio=4 -XX:AdaptiveSizePolicyWeight=90 -Dsun.zip.disableMemoryMapping=true -Xmx1G -Xms100m -Xlog:disable -javaagent:c:\Users\yajul\.vscode\extensions\redhat.java-1.42.0-win32-x64\lombok\lombok-1.18.36.jar 
java_command: c:\Users\yajul\.vscode\extensions\redhat.java-1.42.0-win32-x64\server\plugins\org.eclipse.equinox.launcher_1.7.0.v20250424-1814.jar -configuration c:\Users\yajul\AppData\Roaming\Code\User\globalStorage\redhat.java\1.42.0\config_ss_win -data c:\Users\yajul\AppData\Roaming\Code\User\workspaceStorage\12e6d4d5e19a3b41a6c1ef4ef70a3cbe\redhat.java\ss_ws --pipe=\\.\pipe\lsp-4bdeabe38e5a4e3e33a22002b8a87d36-sock
java_class_path (initial): c:\Users\yajul\.vscode\extensions\redhat.java-1.42.0-win32-x64\server\plugins\org.eclipse.equinox.launcher_1.7.0.v20250424-1814.jar
Launcher Type: SUN_STANDARD

[Global flags]
    uintx AdaptiveSizePolicyWeight                 = 90                                        {product} {command line}
     intx CICompilerCount                          = 4                                         {product} {ergonomic}
    uintx GCTimeRatio                              = 4                                         {product} {command line}
   size_t InitialHeapSize                          = 104857600                                 {product} {command line}
   size_t MaxHeapSize                              = 1073741824                                {product} {command line}
   size_t MaxNewSize                               = 357564416                                 {product} {ergonomic}
   size_t MinHeapDeltaBytes                        = 524288                                    {product} {ergonomic}
   size_t MinHeapSize                              = 104857600                                 {product} {command line}
   size_t NewSize                                  = 34603008                                  {product} {ergonomic}
    uintx NonNMethodCodeHeapSize                   = 5839372                                {pd product} {ergonomic}
    uintx NonProfiledCodeHeapSize                  = 122909434                              {pd product} {ergonomic}
   size_t OldSize                                  = 70254592                                  {product} {ergonomic}
    uintx ProfiledCodeHeapSize                     = 122909434                              {pd product} {ergonomic}
    uintx ReservedCodeCacheSize                    = 251658240                              {pd product} {ergonomic}
     bool SegmentedCodeCache                       = true                                      {product} {ergonomic}
   size_t SoftMaxHeapSize                          = 1073741824                             {manageable} {ergonomic}
     bool UseCompressedOops                        = true                           {product lp64_product} {ergonomic}
     bool UseLargePagesIndividualAllocation        = false                                  {pd product} {ergonomic}
     bool UseParallelGC                            = true                                      {product} {command line}

Logging:
Log output configuration:
 #0: stdout all=off uptime,level,tags foldmultilines=false
 #1: stderr all=off uptime,level,tags foldmultilines=false

Environment Variables:
PATH=D:\bin;C:\WINDOWS\system32;C:\WINDOWS;C:\WINDOWS\System32\Wbem;C:\WINDOWS\System32\WindowsPowerShell\v1.0\;C:\WINDOWS\System32\OpenSSH\;C:\Program Files\Microsoft SQL Server\150\Tools\Binn\;C:\Program Files\Microsoft SQL Server\Client SDK\ODBC\170\Tools\Binn\;C:\Program Files\dotnet\;C:\Program Files (x86)\Windows Kits\10\Windows Performance Toolkit\;C:\Program Files\Git\cmd;D:\Node\;C:\ProgramData\chocolatey\bin;D:\flutter\bin\cache\dart-sdk\bin;C:\Users\yajul\AppData\Local\Pub\Cache\bin;C:\Windows\System32;;D:\Docker\Docker\resources\bin;C:\Users\yajul\AppData\Local\Programs\Python\Python312\Scripts\;C:\Users\yajul\AppData\Local\Programs\Python\Python312\;C:\Program Files\MySQL\MySQL Shell 8.0\bin\;C:\Users\yajul\AppData\Local\Microsoft\WindowsApps;C:\Users\yajul\.dotnet\tools;C:\Users\yajul\AppData\Local\Programs\Microsoft VS Code\bin;C:\Users\yajul\AppData\Roaming\npm;D:\ghcup\bin
USERNAME=yajul
OS=Windows_NT
PROCESSOR_IDENTIFIER=AMD64 Family 23 Model 104 Stepping 1, AuthenticAMD
TMP=C:\Users\yajul\AppData\Local\Temp
TEMP=C:\Users\yajul\AppData\Local\Temp




Periodic native trim disabled

---------------  S Y S T E M  ---------------

OS:
 Windows 11 , 64 bit Build 22621 (10.0.22621.5262)
OS uptime: 3 days 11:45 hours
Hyper-V role detected

CPU: total 12 (initial active 12) (12 cores per cpu, 2 threads per core) family 23 model 104 stepping 1 microcode 0x0, cx8, cmov, fxsr, ht, mmx, 3dnowpref, sse, sse2, sse3, ssse3, sse4a, sse4.1, sse4.2, popcnt, lzcnt, tsc, tscinvbit, avx, avx2, aes, clmul, bmi1, bmi2, adx, sha, fma, vzeroupper, clflush, clflushopt, hv, rdtscp, rdpid, f16c
Processor Information for processor 0
  Max Mhz: 2100, Current Mhz: 1813, Mhz Limit: 2100
Processor Information for processor 1
  Max Mhz: 2100, Current Mhz: 2100, Mhz Limit: 2100
Processor Information for processor 2
  Max Mhz: 2100, Current Mhz: 1813, Mhz Limit: 2100
Processor Information for processor 3
  Max Mhz: 2100, Current Mhz: 1813, Mhz Limit: 2100
Processor Information for processor 4
  Max Mhz: 2100, Current Mhz: 2100, Mhz Limit: 2100
Processor Information for processor 5
  Max Mhz: 2100, Current Mhz: 1813, Mhz Limit: 2100
Processor Information for processor 6
  Max Mhz: 2100, Current Mhz: 1813, Mhz Limit: 2100
Processor Information for processor 7
  Max Mhz: 2100, Current Mhz: 1813, Mhz Limit: 2100
Processor Information for processor 8
  Max Mhz: 2100, Current Mhz: 1813, Mhz Limit: 2100
Processor Information for processor 9
  Max Mhz: 2100, Current Mhz: 1813, Mhz Limit: 2100
Processor Information for processor 10
  Max Mhz: 2100, Current Mhz: 2100, Mhz Limit: 2100
Processor Information for processor 11
  Max Mhz: 2100, Current Mhz: 2100, Mhz Limit: 2100

Memory: 4k page, system-wide physical 15706M (2894M free)
TotalPageFile size 20618M (AvailPageFile size 4M)
current process WorkingSet (physical memory assigned to process): 17M, peak: 17M
current process commit charge ("private bytes"): 156M, peak: 157M

vm_info: OpenJDK 64-Bit Server VM (21.0.7+6-LTS) for windows-amd64 JRE (21.0.7+6-LTS), built on 2025-04-15T00:00:00Z by "admin" with MS VC++ 17.7 (VS2022)

END.
